<?xml version="1.0" encoding="UTF-8"?>
<!-- Generated by org.testng.reporters.JUnitReportReporter -->
<testsuite hostname="asus-pro" failures="0" tests="1" name="cosmetic.tests.LoginTest" time="6.305" errors="0" timestamp="2025-05-24T18:08:19 WAT" skipped="0">
  <testcase classname="cosmetic.tests.LoginTest" name="loginTest" time="6.305"/>
</testsuite> <!-- cosmetic.tests.LoginTest -->
