<?xml version="1.0" encoding="UTF-8"?>
<!-- Generated by org.testng.reporters.JUnitReportReporter -->
<testsuite hostname="asus-pro" failures="0" tests="1" name="cosmetic.tests.AddCartTest" time="8.211" errors="0" timestamp="2025-05-24T18:08:19 WAT" skipped="0">
  <testcase classname="cosmetic.tests.AddCartTest" name="addProd" time="8.211"/>
</testsuite> <!-- cosmetic.tests.AddCartTest -->
