<?xml version="1.0" encoding="UTF-8"?>
<!-- Generated by org.testng.reporters.JUnitReportReporter -->
<testsuite hostname="asus-pro" failures="0" tests="1" name="cosmetic.tests.LogoutTest" time="1.350" errors="0" timestamp="2025-05-24T18:08:19 WAT" skipped="0">
  <testcase classname="cosmetic.tests.LogoutTest" name="logout" time="1.350"/>
</testsuite> <!-- cosmetic.tests.LogoutTest -->
