<?xml version="1.0" encoding="UTF-8"?>
<!-- Generated by org.testng.reporters.JUnitReportReporter -->
<testsuite hostname="asus-pro" failures="0" tests="1" name="cosmetic.tests.SearchProductTest" time="14.261" errors="0" timestamp="2025-05-23T21:31:52 WAT" skipped="0">
  <testcase classname="cosmetic.tests.SearchProductTest" name="homePageTest" time="14.261"/>
</testsuite> <!-- cosmetic.tests.SearchProductTest -->
