<?xml version="1.0" encoding="UTF-8"?>
<!-- Generated by org.testng.reporters.JUnitReportReporter -->
<testsuite hostname="asus-pro" failures="0" tests="1" name="cosmetic.tests.SearchProductTest" time="0.000" errors="0" timestamp="2025-05-21T10:46:05 WAT" skipped="1">
  <testcase classname="cosmetic.tests.SearchProductTest" name="homePageTest" time="0.000">
    <skipped/>
  </testcase> <!-- homePageTest -->
</testsuite> <!-- cosmetic.tests.SearchProductTest -->
